<?xml version="1.0" encoding="UTF-8"?>
<!-- Generated by org.testng.reporters.JUnitReportReporter -->
<testsuite hostname="Robin" failures="0" tests="1" name="testCases.TC_001_AccountRegistration" time="4.970" errors="0" timestamp="2023-09-17T18:52:37 ADT" skipped="0">
  <testcase classname="testCases.TC_001_AccountRegistration" name="test_account_registartion" time="4.970"/>
</testsuite> <!-- testCases.TC_001_AccountRegistration -->
