<?xml version="1.0" encoding="UTF-8"?>
<!-- Generated by org.testng.reporters.JUnitReportReporter -->
<testsuite hostname="Robin" failures="0" tests="1" name="testCases.TC_002_Login" time="6.013" errors="0" timestamp="2023-09-20T20:04:02 ADT" skipped="0">
  <testcase classname="testCases.TC_002_Login" name="login_test" time="6.013"/>
</testsuite> <!-- testCases.TC_002_Login -->
